WXSMART/1660101260218/STATUS/Tip1/ID 3001
WXSMART/1660101260218/STATUS/Tip1/SerialNumber 160 , 32 , 15 , 152 , 2 , 0 , 0 , 19
WXSMART/1660101260218/STATUS/Tip2/ID 2210
WXSMART/1660101260218/STATUS/Tip2/SerialNumber 160 , 8 , 52 , 179 , 2 , 0 , 0 , 20
WXSMART/1660101260218/STATUS/Tool1/ID 23
WXSMART/1660101260218/STATUS/Tool1/OperatingHours/Total 8
WXSMART/1660101260218/STATUS/Tool1/SerialNumber 12866 , 33681 , 12561 , 4912 , 128 , 65535
WXSMART/1660101260218/STATUS/Tool1/Version/Firmware 39
WXSMART/1660101260218/STATUS/Tool2/ID 21
WXSMART/1660101260218/STATUS/Tool2/OperatingHours/Total 8
WXSMART/1660101260218/STATUS/Tool2/SerialNumber 12866 , 33681 , 12561 , 4884 , 16 , 65535
WXSMART/1660101260218/STATUS/Tool2/Version/Firmware 29
WXSMART/1660101260218/STATUS/Station1/Version/Firmware 164
WXSMART/1660101260218/STATUS/Station1/Version/Bootloader 6
WXSMART/1660101260218/STATUS/ExtUnit1/ID 0
WXSMART/1660101260218/STATUS/ExtUnit2/ID 0
WXSMART/1660101260218/STATUS/Config/System/DeviceName wxsmart-0218
WXSMART/1660101260218/STATUS/Config/System/NetworkIF 0
WXSMART/1660101260218/STATUS/Config/System/Version/stm32 62
WXSMART/1660101260218/STATUS/Config/System/Version/esp32 10
WXSMART/1660101260218/STATUS/Config/IF0/IPAddress 192 , 168 , 1 , 128
WXSMART/1660101260218/STATUS/Tool1/Counter/Time 64848
WXSMART/1660101260218/STATUS/Tool2/Counter/Time 64848
WXSMART/1660101260218/STATUS/Tool1/Counter/Time 64847
WXSMART/1660101260218/STATUS/Tool2/Counter/Time 64847
WXSMART/1660101260218/STATUS/Tool1/SerialNumber 12866 , 33681 , 12561 , 4912 , 128 , 65535
WXSMART/1660101260218/STATUS/Tool2/SerialNumber 12866 , 33681 , 12561 , 4884 , 16 , 65535
WXSMART/1660101260218/STATUS/Tool1/Counter/Time 64846
WXSMART/1660101260218/STATUS/Tool2/Counter/Time 64846
WXSMART/1660101260218/STATUS/Tool1/Counter/Time 64845
WXSMART/1660101260218/STATUS/Tool2/Counter/Time 64845
WXSMART/1660101260218/STATUS/Tool1/Counter/Time 64844
WXSMART/1660101260218/STATUS/Tool2/Counter/Time 64844
WXSMART/1660101260218/STATUS/Tool1/Counter/Time 64843
WXSMART/1660101260218/STATUS/Tool2/Counter/Time 64843
WXSMART/1660101260218/STATUS/Tool1/SerialNumber 12866 , 33681 , 12561 , 4912 , 128 , 65535
WXSMART/1660101260218/STATUS/Tool2/SerialNumber 12866 , 33681 , 12561 , 4884 , 16 , 65535
WXSMART/1660101260218/STATUS/Tool1/Counter/Time 64842
WXSMART/1660101260218/STATUS/Tool2/Counter/Time 64842
WXSMART/1660101260218/STATUS/Tool1/Counter/Time 64841
WXSMART/1660101260218/STATUS/Tool2/Counter/Time 64841
WXSMART/1660101260218/STATUS/Tool1/Counter/Time 64840
WXSMART/1660101260218/STATUS/Tool2/Counter/Time 64840
WXSMART/1660101260218/STATUS/Tool1/SerialNumber 12866 , 33681 , 12561 , 4912 , 128 , 65535
WXSMART/1660101260218/STATUS/Tool2/SerialNumber 12866 , 33681 , 12561 , 4884 , 16 , 65535
WXSMART/1660101260218/STATUS/Tool1/Counter/Time 64839
WXSMART/1660101260218/STATUS/Tool2/Counter/Time 64839
WXSMART/1660101260218/STATUS/Tool1/Counter/Time 64838
WXSMART/1660101260218/STATUS/Tool2/Counter/Time 64838
WXSMART/1660101260218/STATUS/Tool1/Counter/Time 64837
WXSMART/1660101260218/STATUS/Tool2/Counter/Time 64837
WXSMART/1660101260218/STATUS/Tool1/Counter/Time 64836
WXSMART/1660101260218/STATUS/Tool2/Counter/Time 64836
WXSMART/1660101260218/STATUS/Tool1/SerialNumber 12866 , 33681 , 12561 , 4912 , 128 , 65535
WXSMART/1660101260218/STATUS/Tool2/SerialNumber 12866 , 33681 , 12561 , 4884 , 16 , 65535
WXSMART/1660101260218/STATUS/Tool1/Counter/Time 64835
WXSMART/1660101260218/STATUS/Tool2/Counter/Time 64835
WXSMART/1660101260218/STATUS/ONLINE ONLINE
WXSMART/1660101260218/STATUS/Tool1/Counter/Time 64834
WXSMART/1660101260218/STATUS/Tool2/Counter/Time 64834
WXSMART/1660101260218/STATUS/Tool1/Counter/Time 64833
WXSMART/1660101260218/STATUS/Tool2/Counter/Time 64833
WXSMART/1660101260218/STATUS/Tool1/SerialNumber 12866 , 33681 , 12561 , 4912 , 128 , 65535
WXSMART/1660101260218/STATUS/Tool2/SerialNumber 12866 , 33681 , 12561 , 4884 , 16 , 65535
WXSMART/1660101260218/STATUS/Tool1/Counter/Time 64832
WXSMART/1660101260218/STATUS/Tool2/Counter/Time 64832
WXSMART/1660101260218/STATUS/Station1/UTC 1774743648
WXSMART/1660101260218/STATUS/Config/System/OperationTime 33600
WXSMART/1660101260218/STATUS/Tool1/Counter/Time 64831
WXSMART/1660101260218/STATUS/Tool2/Counter/Time 64831
WXSMART/1660101260218/STATUS/Tool1/Counter/Time 64830
WXSMART/1660101260218/STATUS/Tool2/Counter/Time 64830
WXSMART/1660101260218/STATUS/Tool1/Counter/Time 64829
WXSMART/1660101260218/STATUS/Tool2/Counter/Time 64829
WXSMART/1660101260218/STATUS/Tool1/SerialNumber 12866 , 33681 , 12561 , 4912 , 128 , 65535
WXSMART/1660101260218/STATUS/Tool2/SerialNumber 12866 , 33681 , 12561 , 4884 , 16 , 65535
WXSMART/1660101260218/STATUS/Tool1/Counter/Time 64828
WXSMART/1660101260218/STATUS/Tool2/Counter/Time 64828
