Verbinde zu 192.168.1.247:9001 (WebSocket) …

================================================================================
WXSMART MQTT-Monitor gestartet
================================================================================
Broker     : 192.168.1.247:9001 (WebSocket)
Topic-Filter: WXSMART/1660101260218/#
Log-Datei  : /Users/icke/Documents/wxsmart/temp/wxsmart_messages.log
Verbose    : False
Kompakt    : True
Modus      : live
Start-Zeit : 2026-03-28 19:39:18
================================================================================

Live-Ansicht aktiv: warte auf Temperature/Read, Power/Read, Counter/Time, ONLINE, State (Hinweis alle 12s)
✔ Verbunden mit Broker auf 192.168.1.247:9001 (nach 0.0s)
✔ Subscribe auf 'WXSMART/1660101260218/#' gesendet (result=0, mid=1)
✔ Subscription bestätigt (mid=1, reason_codes=[ReasonCode(Suback, 'Granted QoS 0')])
[2026-03-28 19:39:18.463] #22 1660101260218 | Tool1.Counter.Time = 64848
[2026-03-28 19:39:18.467] #23 1660101260218 | Tool2.Counter.Time = 64848
[2026-03-28 19:39:19.454] #24 1660101260218 | Tool1.Counter.Time = 64847
[2026-03-28 19:39:19.458] #25 1660101260218 | Tool2.Counter.Time = 64847
[2026-03-28 19:39:20.445] #28 1660101260218 | Tool1.Counter.Time = 64846
[2026-03-28 19:39:20.448] #29 1660101260218 | Tool2.Counter.Time = 64846
[2026-03-28 19:39:21.435] #30 1660101260218 | Tool1.Counter.Time = 64845
[2026-03-28 19:39:21.438] #31 1660101260218 | Tool2.Counter.Time = 64845
[2026-03-28 19:39:22.425] #32 1660101260218 | Tool1.Counter.Time = 64844
[2026-03-28 19:39:22.428] #33 1660101260218 | Tool2.Counter.Time = 64844
[2026-03-28 19:39:23.416] #34 1660101260218 | Tool1.Counter.Time = 64843
[2026-03-28 19:39:23.419] #35 1660101260218 | Tool2.Counter.Time = 64843
[2026-03-28 19:39:24.406] #38 1660101260218 | Tool1.Counter.Time = 64842
[2026-03-28 19:39:24.409] #39 1660101260218 | Tool2.Counter.Time = 64842
[2026-03-28 19:39:25.397] #40 1660101260218 | Tool1.Counter.Time = 64841
[2026-03-28 19:39:25.401] #41 1660101260218 | Tool2.Counter.Time = 64841
[2026-03-28 19:39:26.387] #42 1660101260218 | Tool1.Counter.Time = 64840
[2026-03-28 19:39:26.391] #43 1660101260218 | Tool2.Counter.Time = 64840
[2026-03-28 19:39:27.378] #46 1660101260218 | Tool1.Counter.Time = 64839
[2026-03-28 19:39:27.381] #47 1660101260218 | Tool2.Counter.Time = 64839
[2026-03-28 19:39:28.369] #48 1660101260218 | Tool1.Counter.Time = 64838
[2026-03-28 19:39:28.372] #49 1660101260218 | Tool2.Counter.Time = 64838
[2026-03-28 19:39:29.359] #50 1660101260218 | Tool1.Counter.Time = 64837
[2026-03-28 19:39:29.363] #51 1660101260218 | Tool2.Counter.Time = 64837
[2026-03-28 19:39:30.349] #52 1660101260218 | Tool1.Counter.Time = 64836
[2026-03-28 19:39:30.351] #53 1660101260218 | Tool2.Counter.Time = 64836
⏳ Letztes Live-Topic vor 0s, gesamt Live-Meldungen: 26.
[2026-03-28 19:39:31.339] #56 1660101260218 | Tool1.Counter.Time = 64835
[2026-03-28 19:39:31.342] #57 1660101260218 | Tool2.Counter.Time = 64835
[2026-03-28 19:39:32.253] #58 1660101260218 | ONLINE = ONLINE
[2026-03-28 19:39:32.330] #59 1660101260218 | Tool1.Counter.Time = 64834
[2026-03-28 19:39:32.334] #60 1660101260218 | Tool2.Counter.Time = 64834
[2026-03-28 19:39:33.321] #61 1660101260218 | Tool1.Counter.Time = 64833
[2026-03-28 19:39:33.324] #62 1660101260218 | Tool2.Counter.Time = 64833
[2026-03-28 19:39:34.311] #65 1660101260218 | Tool1.Counter.Time = 64832
[2026-03-28 19:39:34.321] #66 1660101260218 | Tool2.Counter.Time = 64832
[2026-03-28 19:39:35.301] #69 1660101260218 | Tool1.Counter.Time = 64831
[2026-03-28 19:39:35.304] #70 1660101260218 | Tool2.Counter.Time = 64831
[2026-03-28 19:39:36.292] #71 1660101260218 | Tool1.Counter.Time = 64830
[2026-03-28 19:39:36.295] #72 1660101260218 | Tool2.Counter.Time = 64830
[2026-03-28 19:39:37.281] #73 1660101260218 | Tool1.Counter.Time = 64829
[2026-03-28 19:39:37.284] #74 1660101260218 | Tool2.Counter.Time = 64829
[2026-03-28 19:39:38.272] #77 1660101260218 | Tool1.Counter.Time = 64828
[2026-03-28 19:39:38.274] #78 1660101260218 | Tool2.Counter.Time = 64828
