[2026-03-28T01:19:39.530] connected rc=Success
[2026-03-28T01:19:39.531] WXSMART/1660101260218/STATUS/Tip1/ID = 3001
[2026-03-28T01:19:39.531] WXSMART/1660101260218/STATUS/Tip1/SerialNumber = 160 , 32 , 15 , 152 , 2 , 0 , 0 , 19
[2026-03-28T01:19:39.531] WXSMART/1660101260218/STATUS/Tip2/ID = 2210
[2026-03-28T01:19:39.531] WXSMART/1660101260218/STATUS/Tip2/SerialNumber = 160 , 8 , 52 , 179 , 2 , 0 , 0 , 20
[2026-03-28T01:19:39.531] WXSMART/1660101260218/STATUS/Tool1/ID = 23
[2026-03-28T01:19:39.531] WXSMART/1660101260218/STATUS/Tool1/OperatingHours/Total = 6
[2026-03-28T01:19:39.531] WXSMART/1660101260218/STATUS/Tool1/SerialNumber = 12866 , 33681 , 12561 , 4912 , 128 , 65535
[2026-03-28T01:19:39.531] WXSMART/1660101260218/STATUS/Tool1/Version/Firmware = 39
[2026-03-28T01:19:39.531] WXSMART/1660101260218/STATUS/Tool2/ID = 21
[2026-03-28T01:19:39.531] WXSMART/1660101260218/STATUS/Tool2/OperatingHours/Total = 6
[2026-03-28T01:19:39.531] WXSMART/1660101260218/STATUS/Tool2/SerialNumber = 12866 , 33681 , 12561 , 4884 , 16 , 65535
[2026-03-28T01:19:39.531] WXSMART/1660101260218/STATUS/Tool2/Version/Firmware = 29
[2026-03-28T01:19:39.531] WXSMART/1660101260218/STATUS/Station1/Version/Firmware = 164
[2026-03-28T01:19:39.532] WXSMART/1660101260218/STATUS/Station1/Version/Bootloader = 6
[2026-03-28T01:19:39.532] WXSMART/1660101260218/STATUS/ExtUnit1/ID = 0
[2026-03-28T01:19:39.532] WXSMART/1660101260218/STATUS/ExtUnit2/ID = 0
[2026-03-28T01:19:39.532] WXSMART/1660101260218/STATUS/Config/System/DeviceName = wxsmart-0218
[2026-03-28T01:19:39.532] WXSMART/1660101260218/STATUS/Config/System/NetworkIF = 0
[2026-03-28T01:19:39.532] WXSMART/1660101260218/STATUS/Config/System/Version/stm32 = 62
[2026-03-28T01:19:39.532] WXSMART/1660101260218/STATUS/Config/System/Version/esp32 = 10
[2026-03-28T01:19:39.532] WXSMART/1660101260218/STATUS/Config/IF0/IPAddress = 192 , 168 , 1 , 128
[2026-03-28T01:19:42.542] done
